<?xml version="1.0" encoding="UTF-8"?>
<!-- Generated by org.testng.reporters.JUnitReportReporter -->
<testsuite skipped="0" hostname="Rizvi1994" name="test.LoginTest" tests="1" failures="0" timestamp="2021-08-21T18:12:32 PDT" time="4.232" errors="0">
  <testcase name="validUserShouldBeAbleToLogIn" time="4.232" classname="test.LoginTest"/>
  <system-out/>
</testsuite> <!-- test.LoginTest -->
