<?xml version="1.0" encoding="UTF-8"?>
<!-- Generated by org.testng.reporters.JUnitReportReporter -->
<testsuite skipped="0" hostname="Rizvi1994" name="test.AddCustomerTest" tests="1" failures="0" timestamp="2021-08-22T16:05:49 PDT" time="11.919" errors="0">
  <testcase name="userShouldBeAbleToCreateNewCustomer" time="11.919" classname="test.AddCustomerTest"/>
  <system-out/>
</testsuite> <!-- test.AddCustomerTest -->
